2025-05-11 17:54:39.689 | INFO     | __main__:run:254 - ***Bot started***
2025-05-11 17:54:55.562 | INFO     | __main__:run:254 - ***Bot started***
2025-05-11 17:55:11.930 | INFO     | database.db:refresh_user:53 - ID: 617425053 | Username: FoDwVn11110100001001000000 Changed username in the database. Old: FoDwVn11110100001001000000
2025-05-11 17:55:11.935 | INFO     | database.db:get_user:93 - ID: 617425053| Username: FoDwVn11110100001001000000| Data: {'name': 'DFes', 'username': 'FoDwVn11110100001001000000', 'balance': 0.0, 'language': 'RUS', 'is_ban': False}| Was already in the database
2025-05-11 18:03:08.279 | INFO     | __main__:run:255 - ***Bot started***
2025-05-11 18:20:58.937 | INFO     | database.db:refresh_user:53 - ID: 617425053 | Username: FoDwVn11110100001001000000 Changed username in the database. Old: FoDwVn11110100001001000000
2025-05-11 18:20:59.084 | INFO     | database.db:get_user:93 - ID: 617425053| Username: FoDwVn11110100001001000000| Data: {'name': 'DFes', 'username': 'FoDwVn11110100001001000000', 'balance': 0.0, 'language': 'RUS', 'is_ban': False}| Was already in the database
2025-05-11 18:55:07.690 | INFO     | __main__:run:257 - ***Bot started***
2025-05-11 18:55:18.998 | INFO     | __main__:run:257 - ***Bot started***
2025-05-11 18:58:13.286 | INFO     | __main__:run:259 - ***Bot started***
2025-05-11 18:58:20.685 | INFO     | utils.cache:connect:26 - ✅ Success connection to Redis
2025-05-11 18:58:20.694 | INFO     | database.db:refresh_user:53 - ID: 617425053 | Username: FoDwVn11110100001001000000 Changed username in the database. Old: FoDwVn11110100001001000000
2025-05-11 18:58:20.695 | INFO     | database.db:get_user:93 - ID: 617425053| Username: FoDwVn11110100001001000000| Data: {'name': 'DFes', 'username': 'FoDwVn11110100001001000000', 'balance': 0.0, 'language': 'RUS', 'is_ban': False}| Was already in the database
2025-05-11 19:00:45.345 | INFO     | __main__:run:259 - ***Bot started***
2025-05-11 19:00:50.873 | INFO     | utils.cache:connect:26 - ✅ Success connection to Redis
2025-05-11 19:00:50.880 | INFO     | database.db:refresh_user:53 - ID: 617425053 | Username: FoDwVn11110100001001000000 Changed username in the database. Old: FoDwVn11110100001001000000
2025-05-11 19:00:50.880 | INFO     | database.db:get_user:93 - ID: 617425053| Username: FoDwVn11110100001001000000| Data: {'name': 'DFes', 'username': 'FoDwVn11110100001001000000', 'balance': 0.0, 'language': 'RUS', 'is_ban': False}| Was already in the database
2025-05-11 19:00:55.076 | INFO     | database.db:get_balance:170 - ID: 617425053| Username: FoDwVn11110100001001000000| Balance: 0.0
2025-05-11 19:35:06.633 | INFO     | __main__:run:257 - ***Bot started***
2025-05-11 19:35:15.949 | INFO     | utils.cache:connect:27 - ✅ Success connection to Redis
2025-05-11 19:35:15.958 | INFO     | database.db:refresh_user:53 - ID: 617425053 | Username: FoDwVn11110100001001000000 Changed username in the database. Old: FoDwVn11110100001001000000
2025-05-11 19:35:15.958 | INFO     | database.db:get_user:93 - ID: 617425053| Username: FoDwVn11110100001001000000| Data: {'name': 'DFes', 'username': 'FoDwVn11110100001001000000', 'balance': 0.0, 'language': 'RUS', 'is_ban': False}| Was already in the database
2025-05-11 19:35:20.359 | INFO     | database.db:get_balance:170 - ID: 617425053| Username: FoDwVn11110100001001000000| Balance: 0.0
2025-05-11 19:37:51.291 | INFO     | __main__:run:256 - ***Bot started***
2025-05-11 19:37:54.701 | INFO     | utils.cache:connect:27 - ✅ Success connection to Redis
2025-05-11 19:37:54.723 | INFO     | database.db:refresh_user:53 - ID: 617425053 | Username: FoDwVn11110100001001000000 Changed username in the database. Old: FoDwVn11110100001001000000
2025-05-11 19:37:54.726 | INFO     | database.db:get_user:93 - ID: 617425053| Username: FoDwVn11110100001001000000| Data: {'name': 'DFes', 'username': 'FoDwVn11110100001001000000', 'balance': 0.0, 'language': 'RUS', 'is_ban': False}| Was already in the database
2025-05-11 19:37:58.394 | INFO     | utils.cache:reserve_lots:34 - ID: 617425053| Reserved lots: [{"type1": "Help mother defense. Wish day fact wear.\nPrevent audience call outside. Thus political institution."}, {"type1": "Serve seem church but. Physical food hair nation. Itself draw night page will unit."}, {"type1": "Animal program contain say. Exist live result style wife reveal."}]
2025-05-11 19:37:58.401 | INFO     | utils.cache:get_reserved_by_user:41 - ID: 617425053| Get reserved lots by user: [{"type1": "Help mother defense. Wish day fact wear.\nPrevent audience call outside. Thus political institution."}, {"type1": "Serve seem church but. Physical food hair nation. Itself draw night page will unit."}, {"type1": "Animal program contain say. Exist live result style wife reveal."}]
2025-05-11 19:37:58.410 | INFO     | database.db:get_balance:170 - ID: 617425053| Username: FoDwVn11110100001001000000| Balance: 0.0
2025-05-11 22:15:36.834 | INFO     | __main__:run:256 - ***Bot started***
2025-05-11 22:17:25.503 | INFO     | utils.cache:connect:27 - ✅ Success connection to Redis
2025-05-11 22:17:25.555 | INFO     | database.db:refresh_user:53 - ID: 617425053 | Username: FoDwVn11110100001001000000 Changed username in the database. Old: FoDwVn11110100001001000000
2025-05-11 22:17:25.557 | INFO     | database.db:get_user:93 - ID: 617425053| Username: FoDwVn11110100001001000000| Data: {'name': 'DFes', 'username': 'FoDwVn11110100001001000000', 'balance': 0.0, 'language': 'RUS', 'is_ban': False}| Was already in the database
2025-05-11 22:17:33.418 | INFO     | utils.cache:reserve_lots:35 - ID: 617425053| Reserved lots: [{"type1": "Serve seem church but. Physical food hair nation. Itself draw night page will unit."}, {"type1": "Help mother defense. Wish day fact wear.\nPrevent audience call outside. Thus political institution."}]
2025-05-11 22:17:33.495 | INFO     | utils.cache:get_reserved_by_user:42 - ID: 617425053| Get reserved lots by user: [{"type1": "Serve seem church but. Physical food hair nation. Itself draw night page will unit."}, {"type1": "Help mother defense. Wish day fact wear.\nPrevent audience call outside. Thus political institution."}]
2025-05-11 22:17:33.534 | INFO     | database.db:get_balance:170 - ID: 617425053| Username: FoDwVn11110100001001000000| Balance: 0.0
2025-05-11 22:23:35.065 | INFO     | __main__:run:256 - ***Bot started***
2025-05-11 22:23:58.370 | INFO     | __main__:run:256 - ***Bot started***
2025-05-11 22:24:03.513 | INFO     | utils.cache:connect:27 - ✅ Success connection to Redis
2025-05-11 22:24:03.567 | INFO     | database.db:refresh_user:53 - ID: 617425053 | Username: FoDwVn11110100001001000000 Changed username in the database. Old: FoDwVn11110100001001000000
2025-05-11 22:24:03.570 | INFO     | database.db:get_user:93 - ID: 617425053| Username: FoDwVn11110100001001000000| Data: {'name': 'DFes', 'username': 'FoDwVn11110100001001000000', 'balance': 0.0, 'language': 'RUS', 'is_ban': False}| Was already in the database
2025-05-11 22:24:08.431 | INFO     | utils.cache:reserve_lots:35 - ID: 617425053| Reserved lots: [{"type1": "Help mother defense. Wish day fact wear.\nPrevent audience call outside. Thus political institution."}, {"type1": "Serve seem church but. Physical food hair nation. Itself draw night page will unit."}, {"type1": "Animal program contain say. Exist live result style wife reveal."}]
2025-05-11 22:24:08.458 | INFO     | database.db:get_balance:170 - ID: 617425053| Username: FoDwVn11110100001001000000| Balance: 0.0
2025-05-11 22:26:25.106 | INFO     | __main__:run:254 - ***Bot started***
2025-05-11 22:26:30.561 | INFO     | utils.cache:connect:27 - ✅ Success connection to Redis
2025-05-11 22:26:30.567 | INFO     | database.db:refresh_user:53 - ID: 617425053 | Username: FoDwVn11110100001001000000 Changed username in the database. Old: FoDwVn11110100001001000000
2025-05-11 22:26:30.571 | INFO     | database.db:get_user:93 - ID: 617425053| Username: FoDwVn11110100001001000000| Data: {'name': 'DFes', 'username': 'FoDwVn11110100001001000000', 'balance': 0.0, 'language': 'RUS', 'is_ban': False}| Was already in the database
2025-05-11 22:27:34.514 | INFO     | utils.cache:reserve_lots:35 - ID: 617425053| Reserved lots: [{"type1": "Help mother defense. Wish day fact wear.\nPrevent audience call outside. Thus political institution."}, {"type1": "Serve seem church but. Physical food hair nation. Itself draw night page will unit."}, {"type1": "Animal program contain say. Exist live result style wife reveal."}]
2025-05-11 22:27:34.567 | INFO     | database.db:get_balance:170 - ID: 617425053| Username: FoDwVn11110100001001000000| Balance: 0.0
2025-05-11 22:28:49.889 | INFO     | __main__:run:255 - ***Bot started***
2025-05-11 22:28:54.072 | INFO     | utils.cache:connect:27 - ✅ Success connection to Redis
2025-05-11 22:28:54.083 | INFO     | database.db:refresh_user:53 - ID: 617425053 | Username: FoDwVn11110100001001000000 Changed username in the database. Old: FoDwVn11110100001001000000
2025-05-11 22:28:54.083 | INFO     | database.db:get_user:93 - ID: 617425053| Username: FoDwVn11110100001001000000| Data: {'name': 'DFes', 'username': 'FoDwVn11110100001001000000', 'balance': 0.0, 'language': 'RUS', 'is_ban': False}| Was already in the database
2025-05-11 22:28:59.639 | INFO     | utils.cache:reserve_lots:35 - ID: 617425053| Reserved lots: [{"type1": "Help mother defense. Wish day fact wear.\nPrevent audience call outside. Thus political institution."}, {"type1": "Serve seem church but. Physical food hair nation. Itself draw night page will unit."}, {"type1": "Animal program contain say. Exist live result style wife reveal."}]
2025-05-11 22:28:59.663 | INFO     | database.db:get_balance:170 - ID: 617425053| Username: FoDwVn11110100001001000000| Balance: 0.0
2025-05-11 22:31:02.741 | INFO     | utils.cache:reserve_lots:35 - ID: 617425053| Reserved lots: [{"type1": "Help mother defense. Wish day fact wear.\nPrevent audience call outside. Thus political institution."}, {"type1": "Serve seem church but. Physical food hair nation. Itself draw night page will unit."}, {"type1": "Animal program contain say. Exist live result style wife reveal."}]
2025-05-11 22:31:02.787 | INFO     | database.db:get_balance:170 - ID: 617425053| Username: FoDwVn11110100001001000000| Balance: 0.0
2025-05-11 22:31:39.177 | INFO     | __main__:run:258 - ***Bot started***
2025-05-11 22:31:44.143 | INFO     | utils.cache:connect:27 - ✅ Success connection to Redis
2025-05-11 22:31:44.190 | INFO     | database.db:refresh_user:53 - ID: 617425053 | Username: FoDwVn11110100001001000000 Changed username in the database. Old: FoDwVn11110100001001000000
2025-05-11 22:31:44.190 | INFO     | database.db:get_user:93 - ID: 617425053| Username: FoDwVn11110100001001000000| Data: {'name': 'DFes', 'username': 'FoDwVn11110100001001000000', 'balance': 0.0, 'language': 'RUS', 'is_ban': False}| Was already in the database
2025-05-11 22:31:48.000 | INFO     | utils.cache:reserve_lots:35 - ID: 617425053| Reserved lots: [{"type1": "Help mother defense. Wish day fact wear.\nPrevent audience call outside. Thus political institution."}, {"type1": "Serve seem church but. Physical food hair nation. Itself draw night page will unit."}, {"type1": "Animal program contain say. Exist live result style wife reveal."}]
2025-05-11 22:31:48.053 | INFO     | database.db:get_balance:170 - ID: 617425053| Username: FoDwVn11110100001001000000| Balance: 0.0
2025-05-11 22:32:09.422 | INFO     | utils.cache:connect:27 - ✅ Success connection to Redis
2025-05-11 22:32:09.430 | INFO     | database.db:refresh_user:53 - ID: 617425053 | Username: FoDwVn11110100001001000000 Changed username in the database. Old: FoDwVn11110100001001000000
2025-05-11 22:32:09.431 | INFO     | database.db:get_user:93 - ID: 617425053| Username: FoDwVn11110100001001000000| Data: {'name': 'DFes', 'username': 'FoDwVn11110100001001000000', 'balance': 0.0, 'language': 'RUS', 'is_ban': False}| Was already in the database
2025-05-11 22:32:14.835 | INFO     | utils.cache:reserve_lots:35 - ID: 617425053| Reserved lots: [{"type1": "Help mother defense. Wish day fact wear.\nPrevent audience call outside. Thus political institution."}, {"type1": "Serve seem church but. Physical food hair nation. Itself draw night page will unit."}, {"type1": "Animal program contain say. Exist live result style wife reveal."}]
2025-05-11 22:32:14.856 | INFO     | database.db:get_balance:170 - ID: 617425053| Username: FoDwVn11110100001001000000| Balance: 0.0
2025-05-11 22:34:31.527 | INFO     | __main__:run:258 - ***Bot started***
2025-05-11 22:34:35.909 | INFO     | utils.cache:connect:27 - ✅ Success connection to Redis
2025-05-11 22:34:35.941 | INFO     | database.db:refresh_user:53 - ID: 617425053 | Username: FoDwVn11110100001001000000 Changed username in the database. Old: FoDwVn11110100001001000000
2025-05-11 22:34:35.944 | INFO     | database.db:get_user:93 - ID: 617425053| Username: FoDwVn11110100001001000000| Data: {'name': 'DFes', 'username': 'FoDwVn11110100001001000000', 'balance': 0.0, 'language': 'RUS', 'is_ban': False}| Was already in the database
2025-05-11 22:47:17.985 | INFO     | utils.cache:connect:27 - ✅ Success connection to Redis
2025-05-11 22:47:18.254 | INFO     | database.db:refresh_user:53 - ID: 617425053 | Username: FoDwVn11110100001001000000 Changed username in the database. Old: FoDwVn11110100001001000000
2025-05-11 22:47:18.256 | INFO     | database.db:get_user:93 - ID: 617425053| Username: FoDwVn11110100001001000000| Data: {'name': 'DFes', 'username': 'FoDwVn11110100001001000000', 'balance': 100.0, 'language': 'RUS', 'is_ban': False}| Was already in the database
2025-05-11 22:47:28.949 | INFO     | utils.cache:connect:27 - ✅ Success connection to Redis
2025-05-11 22:47:28.966 | INFO     | database.db:refresh_user:53 - ID: 617425053 | Username: FoDwVn11110100001001000000 Changed username in the database. Old: FoDwVn11110100001001000000
2025-05-11 22:47:28.966 | INFO     | database.db:get_user:93 - ID: 617425053| Username: FoDwVn11110100001001000000| Data: {'name': 'DFes', 'username': 'FoDwVn11110100001001000000', 'balance': 100.0, 'language': 'RUS', 'is_ban': False}| Was already in the database
2025-05-11 22:47:33.589 | INFO     | utils.cache:reserve_lots:35 - ID: 617425053| Reserved lots: [{"type1": "Help mother defense. Wish day fact wear.\nPrevent audience call outside. Thus political institution."}, {"type1": "Serve seem church but. Physical food hair nation. Itself draw night page will unit."}, {"type1": "Animal program contain say. Exist live result style wife reveal."}]
2025-05-11 22:47:33.615 | INFO     | database.db:get_balance:170 - ID: 617425053| Username: FoDwVn11110100001001000000| Balance: 100.0
2025-05-11 23:21:50.373 | INFO     | __main__:run:259 - ***Bot started***
2025-05-11 23:22:30.106 | INFO     | __main__:run:259 - ***Bot started***
2025-05-11 23:22:34.972 | INFO     | utils.cache:connect:27 - ✅ Success connection to Redis
2025-05-11 23:22:34.986 | INFO     | database.db:refresh_user:53 - ID: 617425053 | Username: FoDwVn11110100001001000000 Changed username in the database. Old: FoDwVn11110100001001000000
2025-05-11 23:22:34.987 | INFO     | database.db:get_user:93 - ID: 617425053| Username: FoDwVn11110100001001000000| Data: {'name': 'DFes', 'username': 'FoDwVn11110100001001000000', 'balance': 100.0, 'language': 'RUS', 'is_ban': False}| Was already in the database
2025-05-11 23:31:21.030 | INFO     | __main__:run:261 - ***Bot started***
2025-05-11 23:31:26.625 | INFO     | utils.cache:connect:27 - ✅ Success connection to Redis
2025-05-11 23:31:26.635 | INFO     | database.db:refresh_user:53 - ID: 617425053 | Username: FoDwVn11110100001001000000 Changed username in the database. Old: FoDwVn11110100001001000000
2025-05-11 23:31:26.637 | INFO     | database.db:get_user:93 - ID: 617425053| Username: FoDwVn11110100001001000000| Data: {'name': 'DFes', 'username': 'FoDwVn11110100001001000000', 'balance': 100.0, 'language': 'RUS', 'is_ban': False}| Was already in the database
2025-05-11 23:34:57.800 | INFO     | __main__:run:261 - ***Bot started***
2025-05-11 23:35:42.062 | INFO     | __main__:run:261 - ***Bot started***
2025-05-11 23:35:52.480 | INFO     | utils.cache:connect:27 - ✅ Success connection to Redis
2025-05-11 23:35:52.511 | INFO     | database.db:get_user:100 - ID: 617425053| Username: FoDwVn11110100001001000000| User not found
2025-05-11 23:35:52.521 | INFO     | database.db:create_user:126 - ID: 617425053| Username: FoDwVn11110100001001000000| Added to the database
2025-05-11 23:36:03.267 | INFO     | utils.cache:connect:27 - ✅ Success connection to Redis
2025-05-11 23:36:03.275 | INFO     | database.db:refresh_user:53 - ID: 617425053 | Username: FoDwVn11110100001001000000 Changed username in the database. Old: FoDwVn11110100001001000000
2025-05-11 23:36:03.275 | INFO     | database.db:get_user:93 - ID: 617425053| Username: FoDwVn11110100001001000000| Data: {'name': 'DFes', 'username': 'FoDwVn11110100001001000000', 'balance': 0.0, 'language': 'RUS', 'is_ban': False}| Was already in the database
2025-05-11 23:38:42.665 | INFO     | __main__:run:261 - ***Bot started***
2025-05-11 23:38:45.627 | INFO     | utils.cache:connect:27 - ✅ Success connection to Redis
2025-05-11 23:38:45.632 | INFO     | database.db:get_user:100 - ID: 617425053| Username: FoDwVn11110100001001000000| User not found
2025-05-11 23:38:45.649 | INFO     | database.db:create_user:126 - ID: 617425053| Username: FoDwVn11110100001001000000| Added to the database
